{
  "RSpec": {
    "coverage": {
      "/Users/davidkassin/3module/solo_project/rails-engine/app/models/item.rb": {
        "lines": [
          1,
          1,
          1,
          1,
          1,
          null
        ]
      },
      "/Users/davidkassin/3module/solo_project/rails-engine/app/models/application_record.rb": {
        "lines": [
          1,
          1,
          null
        ]
      },
      "/Users/davidkassin/3module/solo_project/rails-engine/app/models/merchant.rb": {
        "lines": [
          1,
          1,
          1,
          null
        ]
      },
      "/Users/davidkassin/3module/solo_project/rails-engine/app/controllers/api/v1/items_controller.rb": {
        "lines": [
          1,
          1,
          4,
          null,
          null,
          1,
          1,
          null,
          null,
          1,
          4,
          3,
          2,
          null,
          1,
          null,
          null,
          null,
          1,
          1,
          1,
          1,
          null,
          null,
          null,
          1,
          null,
          4,
          12,
          null,
          4,
          3,
          1,
          null,
          2,
          null,
          null,
          1,
          null,
          null,
          null,
          1,
          null,
          1,
          13,
          null,
          null
        ]
      },
      "/Users/davidkassin/3module/solo_project/rails-engine/app/controllers/application_controller.rb": {
        "lines": [
          1,
          1,
          null
        ]
      },
      "/Users/davidkassin/3module/solo_project/rails-engine/app/serializers/item_serializer.rb": {
        "lines": [
          1,
          1,
          1,
          null
        ]
      },
      "/Users/davidkassin/3module/solo_project/rails-engine/app/controllers/api/v1/merchant_items_controller.rb": {
        "lines": [
          1,
          1,
          1,
          1,
          null,
          null
        ]
      },
      "/Users/davidkassin/3module/solo_project/rails-engine/app/controllers/api/v1/searches_controller.rb": {
        "lines": [
          1,
          1,
          9,
          2,
          2,
          1,
          null,
          1,
          null,
          7,
          3,
          2,
          2,
          0,
          null,
          2,
          null,
          null,
          1,
          null,
          4,
          2,
          2,
          2,
          1,
          null,
          1,
          null,
          null,
          0,
          null,
          2,
          0,
          0,
          0,
          0,
          null,
          0,
          null,
          null,
          0,
          null,
          null,
          2,
          null,
          null,
          null,
          1,
          2,
          2,
          0,
          null,
          2,
          null,
          null,
          null
        ]
      },
      "/Users/davidkassin/3module/solo_project/rails-engine/app/controllers/api/v1/merchants_controller.rb": {
        "lines": [
          1,
          1,
          4,
          null,
          null,
          1,
          1,
          null,
          null
        ]
      },
      "/Users/davidkassin/3module/solo_project/rails-engine/app/serializers/merchant_serializer.rb": {
        "lines": [
          1,
          1,
          1,
          null
        ]
      },
      "/Users/davidkassin/3module/solo_project/rails-engine/app/controllers/api/v1/item_merchants_controller.rb": {
        "lines": [
          1,
          1,
          1,
          1,
          null,
          null
        ]
      }
    },
    "timestamp": 1644539426
  }
}
